<?xml version="1.0" encoding="UTF-8"?>
<testng-results ignored="0" total="9" passed="3" failed="4" skipped="2">
  <reporter-output>
  </reporter-output>
  <suite started-at="2025-02-25T13:49:29 IST" name="Default suite" finished-at="2025-02-25T13:51:55 IST" duration-ms="146158">
    <groups>
    </groups>
    <test started-at="2025-02-25T13:49:29 IST" name="Default test" finished-at="2025-02-25T13:51:55 IST" duration-ms="146158">
      <class name="testcases.Sign_In_Existing_User_SMN_Test">
        <test-method is-config="true" signature="setupExtentReport()[pri:0, instance:testcases.Sign_In_Existing_User_SMN_Test@44c03695]" started-at="2025-02-25T13:49:29 IST" name="setupExtentReport" finished-at="2025-02-25T13:49:30 IST" duration-ms="1251" status="PASS">
          <reporter-output>
          </reporter-output>
        </test-method> <!-- setupExtentReport -->
        <test-method is-config="true" signature="setUp()[pri:0, instance:testcases.Sign_In_Existing_User_SMN_Test@44c03695]" started-at="2025-02-25T13:49:30 IST" name="setUp" finished-at="2025-02-25T13:49:46 IST" duration-ms="15693" status="PASS">
          <reporter-output>
          </reporter-output>
        </test-method> <!-- setUp -->
        <test-method signature="testSkipButtonNavigatesToSignInScreen()[pri:1, instance:testcases.Sign_In_Existing_User_SMN_Test@44c03695]" started-at="2025-02-25T13:49:46 IST" name="testSkipButtonNavigatesToSignInScreen" finished-at="2025-02-25T13:49:58 IST" duration-ms="11557" status="FAIL">
          <exception class="org.openqa.selenium.TimeoutException">
            <message>
              <![CDATA[Expected condition failed: waiting for visibility of element located by AppiumBy.id: com.gamechange.remittance:id/tv_title (tried for 10 second(s) with 500 milliseconds interval)
Build info: version: '4.13.0', revision: 'ba948ece5b*'
System info: os.name: 'Windows 11', os.arch: 'amd64', os.version: '10.0', java.version: '17.0.8'
Driver info: io.appium.java_client.android.AndroidDriver
Capabilities {appium:appActivity: .ui.activities.onboarding.S..., appium:appPackage: com.gamechange.remittance, appium:automationName: UiAutomator2, appium:databaseEnabled: false, appium:desired: {appActivity: .ui.activities.onboarding.S..., appPackage: com.gamechange.remittance, automationName: UiAutomator2, platformName: ANDROID, udid: 084113125P054404}, appium:deviceApiLevel: 30, appium:deviceManufacturer: INFINIX MOBILITY LIMITED, appium:deviceModel: Infinix X6816C, appium:deviceName: 084113125P054404, appium:deviceScreenDensity: 320, appium:deviceScreenSize: 720x1640, appium:deviceUDID: 084113125P054404, appium:javascriptEnabled: true, appium:locationContextEnabled: false, appium:networkConnectionEnabled: true, appium:pixelRatio: 2, appium:platformVersion: 11, appium:statBarHeight: 72, appium:takesScreenshot: true, appium:udid: 084113125P054404, appium:viewportRect: {height: 1400, left: 0, top: 72, width: 720}, appium:warnings: {}, appium:webStorageEnabled: false, platformName: ANDROID}
Session ID: 5c6c9a80-6f77-45ac-9541-b0026778ceeb]]>
            </message>
            <full-stacktrace>
              <![CDATA[org.openqa.selenium.TimeoutException: Expected condition failed: waiting for visibility of element located by AppiumBy.id: com.gamechange.remittance:id/tv_title (tried for 10 second(s) with 500 milliseconds interval)
Build info: version: '4.13.0', revision: 'ba948ece5b*'
System info: os.name: 'Windows 11', os.arch: 'amd64', os.version: '10.0', java.version: '17.0.8'
Driver info: io.appium.java_client.android.AndroidDriver
Capabilities {appium:appActivity: .ui.activities.onboarding.S..., appium:appPackage: com.gamechange.remittance, appium:automationName: UiAutomator2, appium:databaseEnabled: false, appium:desired: {appActivity: .ui.activities.onboarding.S..., appPackage: com.gamechange.remittance, automationName: UiAutomator2, platformName: ANDROID, udid: 084113125P054404}, appium:deviceApiLevel: 30, appium:deviceManufacturer: INFINIX MOBILITY LIMITED, appium:deviceModel: Infinix X6816C, appium:deviceName: 084113125P054404, appium:deviceScreenDensity: 320, appium:deviceScreenSize: 720x1640, appium:deviceUDID: 084113125P054404, appium:javascriptEnabled: true, appium:locationContextEnabled: false, appium:networkConnectionEnabled: true, appium:pixelRatio: 2, appium:platformVersion: 11, appium:statBarHeight: 72, appium:takesScreenshot: true, appium:udid: 084113125P054404, appium:viewportRect: {height: 1400, left: 0, top: 72, width: 720}, appium:warnings: {}, appium:webStorageEnabled: false, platformName: ANDROID}
Session ID: 5c6c9a80-6f77-45ac-9541-b0026778ceeb
at org.openqa.selenium.support.ui.WebDriverWait.timeoutException(WebDriverWait.java:84)
at org.openqa.selenium.support.ui.FluentWait.until(FluentWait.java:230)
at pages.Sign_In_Existing_User_SMN_Page.isEmiratesIdHeaderDisplayed(Sign_In_Existing_User_SMN_Page.java:47)
at testcases.Sign_In_Existing_User_SMN_Test.testSkipButtonNavigatesToSignInScreen(Sign_In_Existing_User_SMN_Test.java:60)
at java.base/jdk.internal.reflect.NativeMethodAccessorImpl.invoke0(Native Method)
at java.base/jdk.internal.reflect.NativeMethodAccessorImpl.invoke(NativeMethodAccessorImpl.java:77)
at java.base/jdk.internal.reflect.DelegatingMethodAccessorImpl.invoke(DelegatingMethodAccessorImpl.java:43)
at java.base/java.lang.reflect.Method.invoke(Method.java:568)
at org.testng.internal.invokers.MethodInvocationHelper.invokeMethod(MethodInvocationHelper.java:139)
at org.testng.internal.invokers.TestInvoker.invokeMethod(TestInvoker.java:664)
at org.testng.internal.invokers.TestInvoker.invokeTestMethod(TestInvoker.java:227)
at org.testng.internal.invokers.MethodRunner.runInSequence(MethodRunner.java:50)
at org.testng.internal.invokers.TestInvoker$MethodInvocationAgent.invoke(TestInvoker.java:957)
at org.testng.internal.invokers.TestInvoker.invokeTestMethods(TestInvoker.java:200)
at org.testng.internal.invokers.TestMethodWorker.invokeTestMethods(TestMethodWorker.java:148)
at org.testng.internal.invokers.TestMethodWorker.run(TestMethodWorker.java:128)
at java.base/java.util.ArrayList.forEach(ArrayList.java:1511)
at org.testng.TestRunner.privateRun(TestRunner.java:848)
at org.testng.TestRunner.run(TestRunner.java:621)
at org.testng.SuiteRunner.runTest(SuiteRunner.java:443)
at org.testng.SuiteRunner.runSequentially(SuiteRunner.java:437)
at org.testng.SuiteRunner.privateRun(SuiteRunner.java:397)
at org.testng.SuiteRunner.run(SuiteRunner.java:336)
at org.testng.SuiteRunnerWorker.runSuite(SuiteRunnerWorker.java:52)
at org.testng.SuiteRunnerWorker.run(SuiteRunnerWorker.java:95)
at org.testng.TestNG.runSuitesSequentially(TestNG.java:1280)
at org.testng.TestNG.runSuitesLocally(TestNG.java:1200)
at org.testng.TestNG.runSuites(TestNG.java:1114)
at org.testng.TestNG.run(TestNG.java:1082)
at org.testng.remote.AbstractRemoteTestNG.run(AbstractRemoteTestNG.java:115)
at org.testng.remote.RemoteTestNG.initAndRun(RemoteTestNG.java:251)
at org.testng.remote.RemoteTestNG.main(RemoteTestNG.java:77)
]]>
            </full-stacktrace>
          </exception> <!-- org.openqa.selenium.TimeoutException -->
          <reporter-output>
          </reporter-output>
        </test-method> <!-- testSkipButtonNavigatesToSignInScreen -->
        <test-method is-config="true" signature="logTestResults(org.testng.ITestResult)[pri:0, instance:testcases.Sign_In_Existing_User_SMN_Test@44c03695]" started-at="2025-02-25T13:49:58 IST" name="logTestResults" finished-at="2025-02-25T13:49:58 IST" duration-ms="23" status="PASS">
          <params>
            <param index="0">
              <value>
                <![CDATA[[TestResult name=testSkipButtonNavigatesToSignInScreen status=FAILURE method=Sign_In_Existing_User_SMN_Test.testSkipButtonNavigatesToSignInScreen()[pri:1, instance:testcases.Sign_In_Existing_User_SMN_Test@44c03695] output={null}]]]>
              </value>
            </param>
          </params>
          <reporter-output>
          </reporter-output>
        </test-method> <!-- logTestResults -->
        <test-method is-config="true" signature="setUp()[pri:0, instance:testcases.Sign_In_Existing_User_SMN_Test@44c03695]" started-at="2025-02-25T13:49:58 IST" name="setUp" finished-at="2025-02-25T13:50:10 IST" duration-ms="11872" status="PASS">
          <reporter-output>
          </reporter-output>
        </test-method> <!-- setUp -->
        <test-method signature="testSignInButtonNavigatesToEmiratesIDScreen()[pri:2, instance:testcases.Sign_In_Existing_User_SMN_Test@44c03695]" started-at="2025-02-25T13:50:10 IST" name="testSignInButtonNavigatesToEmiratesIDScreen" finished-at="2025-02-25T13:50:13 IST" duration-ms="3064" status="PASS">
          <reporter-output>
          </reporter-output>
        </test-method> <!-- testSignInButtonNavigatesToEmiratesIDScreen -->
        <test-method is-config="true" signature="logTestResults(org.testng.ITestResult)[pri:0, instance:testcases.Sign_In_Existing_User_SMN_Test@44c03695]" started-at="2025-02-25T13:50:13 IST" name="logTestResults" finished-at="2025-02-25T13:50:13 IST" duration-ms="2" status="PASS">
          <params>
            <param index="0">
              <value>
                <![CDATA[[TestResult name=testSignInButtonNavigatesToEmiratesIDScreen status=SUCCESS method=Sign_In_Existing_User_SMN_Test.testSignInButtonNavigatesToEmiratesIDScreen()[pri:2, instance:testcases.Sign_In_Existing_User_SMN_Test@44c03695] output={null}]]]>
              </value>
            </param>
          </params>
          <reporter-output>
          </reporter-output>
        </test-method> <!-- logTestResults -->
        <test-method is-config="true" signature="setUp()[pri:0, instance:testcases.Sign_In_Existing_User_SMN_Test@44c03695]" started-at="2025-02-25T13:50:13 IST" name="setUp" finished-at="2025-02-25T13:50:25 IST" duration-ms="12498" status="PASS">
          <reporter-output>
          </reporter-output>
        </test-method> <!-- setUp -->
        <test-method signature="testEmiratesIDScreenElementsAreDisplayed()[pri:3, instance:testcases.Sign_In_Existing_User_SMN_Test@44c03695]" started-at="2025-02-25T13:50:25 IST" name="testEmiratesIDScreenElementsAreDisplayed" finished-at="2025-02-25T13:50:28 IST" duration-ms="2992" status="PASS">
          <reporter-output>
          </reporter-output>
        </test-method> <!-- testEmiratesIDScreenElementsAreDisplayed -->
        <test-method is-config="true" signature="logTestResults(org.testng.ITestResult)[pri:0, instance:testcases.Sign_In_Existing_User_SMN_Test@44c03695]" started-at="2025-02-25T13:50:28 IST" name="logTestResults" finished-at="2025-02-25T13:50:28 IST" duration-ms="1" status="PASS">
          <params>
            <param index="0">
              <value>
                <![CDATA[[TestResult name=testEmiratesIDScreenElementsAreDisplayed status=SUCCESS method=Sign_In_Existing_User_SMN_Test.testEmiratesIDScreenElementsAreDisplayed()[pri:3, instance:testcases.Sign_In_Existing_User_SMN_Test@44c03695] output={null}]]]>
              </value>
            </param>
          </params>
          <reporter-output>
          </reporter-output>
        </test-method> <!-- logTestResults -->
        <test-method is-config="true" signature="setUp()[pri:0, instance:testcases.Sign_In_Existing_User_SMN_Test@44c03695]" started-at="2025-02-25T13:50:28 IST" name="setUp" finished-at="2025-02-25T13:50:40 IST" duration-ms="12357" status="PASS">
          <reporter-output>
          </reporter-output>
        </test-method> <!-- setUp -->
        <test-method signature="testEnteringEmiratesIDEnablesContinueButton()[pri:5, instance:testcases.Sign_In_Existing_User_SMN_Test@44c03695]" started-at="2025-02-25T13:50:40 IST" name="testEnteringEmiratesIDEnablesContinueButton" finished-at="2025-02-25T13:50:44 IST" duration-ms="3608" status="PASS">
          <reporter-output>
          </reporter-output>
        </test-method> <!-- testEnteringEmiratesIDEnablesContinueButton -->
        <test-method is-config="true" signature="logTestResults(org.testng.ITestResult)[pri:0, instance:testcases.Sign_In_Existing_User_SMN_Test@44c03695]" started-at="2025-02-25T13:50:44 IST" name="logTestResults" finished-at="2025-02-25T13:50:44 IST" duration-ms="1" status="PASS">
          <params>
            <param index="0">
              <value>
                <![CDATA[[TestResult name=testEnteringEmiratesIDEnablesContinueButton status=SUCCESS method=Sign_In_Existing_User_SMN_Test.testEnteringEmiratesIDEnablesContinueButton()[pri:5, instance:testcases.Sign_In_Existing_User_SMN_Test@44c03695] output={null}]]]>
              </value>
            </param>
          </params>
          <reporter-output>
          </reporter-output>
        </test-method> <!-- logTestResults -->
        <test-method is-config="true" signature="setUp()[pri:0, instance:testcases.Sign_In_Existing_User_SMN_Test@44c03695]" started-at="2025-02-25T13:50:44 IST" name="setUp" finished-at="2025-02-25T13:50:56 IST" duration-ms="12069" status="PASS">
          <reporter-output>
          </reporter-output>
        </test-method> <!-- setUp -->
        <test-method signature="testNavigationAfterEnteringEmiratesID()[pri:6, instance:testcases.Sign_In_Existing_User_SMN_Test@44c03695]" started-at="2025-02-25T13:50:56 IST" name="testNavigationAfterEnteringEmiratesID" finished-at="2025-02-25T13:51:08 IST" duration-ms="11463" status="FAIL">
          <exception class="org.openqa.selenium.TimeoutException">
            <message>
              <![CDATA[Expected condition failed: waiting for element to be clickable: AppiumBy.id: com.gamechange.remittance:id/signInBtn (tried for 10 second(s) with 500 milliseconds interval)
Build info: version: '4.13.0', revision: 'ba948ece5b*'
System info: os.name: 'Windows 11', os.arch: 'amd64', os.version: '10.0', java.version: '17.0.8'
Driver info: io.appium.java_client.android.AndroidDriver
Capabilities {appium:appActivity: .ui.activities.onboarding.S..., appium:appPackage: com.gamechange.remittance, appium:automationName: UiAutomator2, appium:databaseEnabled: false, appium:desired: {appActivity: .ui.activities.onboarding.S..., appPackage: com.gamechange.remittance, automationName: UiAutomator2, platformName: ANDROID, udid: 084113125P054404}, appium:deviceApiLevel: 30, appium:deviceManufacturer: INFINIX MOBILITY LIMITED, appium:deviceModel: Infinix X6816C, appium:deviceName: 084113125P054404, appium:deviceScreenDensity: 320, appium:deviceScreenSize: 720x1640, appium:deviceUDID: 084113125P054404, appium:javascriptEnabled: true, appium:locationContextEnabled: false, appium:networkConnectionEnabled: true, appium:pixelRatio: 2, appium:platformVersion: 11, appium:statBarHeight: 72, appium:takesScreenshot: true, appium:udid: 084113125P054404, appium:viewportRect: {height: 1400, left: 0, top: 72, width: 720}, appium:warnings: {}, appium:webStorageEnabled: false, platformName: ANDROID}
Session ID: 4731904b-4e6b-481f-9a95-994f5affd564]]>
            </message>
            <full-stacktrace>
              <![CDATA[org.openqa.selenium.TimeoutException: Expected condition failed: waiting for element to be clickable: AppiumBy.id: com.gamechange.remittance:id/signInBtn (tried for 10 second(s) with 500 milliseconds interval)
Build info: version: '4.13.0', revision: 'ba948ece5b*'
System info: os.name: 'Windows 11', os.arch: 'amd64', os.version: '10.0', java.version: '17.0.8'
Driver info: io.appium.java_client.android.AndroidDriver
Capabilities {appium:appActivity: .ui.activities.onboarding.S..., appium:appPackage: com.gamechange.remittance, appium:automationName: UiAutomator2, appium:databaseEnabled: false, appium:desired: {appActivity: .ui.activities.onboarding.S..., appPackage: com.gamechange.remittance, automationName: UiAutomator2, platformName: ANDROID, udid: 084113125P054404}, appium:deviceApiLevel: 30, appium:deviceManufacturer: INFINIX MOBILITY LIMITED, appium:deviceModel: Infinix X6816C, appium:deviceName: 084113125P054404, appium:deviceScreenDensity: 320, appium:deviceScreenSize: 720x1640, appium:deviceUDID: 084113125P054404, appium:javascriptEnabled: true, appium:locationContextEnabled: false, appium:networkConnectionEnabled: true, appium:pixelRatio: 2, appium:platformVersion: 11, appium:statBarHeight: 72, appium:takesScreenshot: true, appium:udid: 084113125P054404, appium:viewportRect: {height: 1400, left: 0, top: 72, width: 720}, appium:warnings: {}, appium:webStorageEnabled: false, platformName: ANDROID}
Session ID: 4731904b-4e6b-481f-9a95-994f5affd564
at org.openqa.selenium.support.ui.WebDriverWait.timeoutException(WebDriverWait.java:84)
at org.openqa.selenium.support.ui.FluentWait.until(FluentWait.java:230)
at pages.Sign_In_Existing_User_SMN_Page.clickSignInButton(Sign_In_Existing_User_SMN_Page.java:43)
at testcases.Sign_In_Existing_User_SMN_Test.testNavigationAfterEnteringEmiratesID(Sign_In_Existing_User_SMN_Test.java:105)
at java.base/jdk.internal.reflect.NativeMethodAccessorImpl.invoke0(Native Method)
at java.base/jdk.internal.reflect.NativeMethodAccessorImpl.invoke(NativeMethodAccessorImpl.java:77)
at java.base/jdk.internal.reflect.DelegatingMethodAccessorImpl.invoke(DelegatingMethodAccessorImpl.java:43)
at java.base/java.lang.reflect.Method.invoke(Method.java:568)
at org.testng.internal.invokers.MethodInvocationHelper.invokeMethod(MethodInvocationHelper.java:139)
at org.testng.internal.invokers.TestInvoker.invokeMethod(TestInvoker.java:664)
at org.testng.internal.invokers.TestInvoker.invokeTestMethod(TestInvoker.java:227)
at org.testng.internal.invokers.MethodRunner.runInSequence(MethodRunner.java:50)
at org.testng.internal.invokers.TestInvoker$MethodInvocationAgent.invoke(TestInvoker.java:957)
at org.testng.internal.invokers.TestInvoker.invokeTestMethods(TestInvoker.java:200)
at org.testng.internal.invokers.TestMethodWorker.invokeTestMethods(TestMethodWorker.java:148)
at org.testng.internal.invokers.TestMethodWorker.run(TestMethodWorker.java:128)
at java.base/java.util.ArrayList.forEach(ArrayList.java:1511)
at org.testng.TestRunner.privateRun(TestRunner.java:848)
at org.testng.TestRunner.run(TestRunner.java:621)
at org.testng.SuiteRunner.runTest(SuiteRunner.java:443)
at org.testng.SuiteRunner.runSequentially(SuiteRunner.java:437)
at org.testng.SuiteRunner.privateRun(SuiteRunner.java:397)
at org.testng.SuiteRunner.run(SuiteRunner.java:336)
at org.testng.SuiteRunnerWorker.runSuite(SuiteRunnerWorker.java:52)
at org.testng.SuiteRunnerWorker.run(SuiteRunnerWorker.java:95)
at org.testng.TestNG.runSuitesSequentially(TestNG.java:1280)
at org.testng.TestNG.runSuitesLocally(TestNG.java:1200)
at org.testng.TestNG.runSuites(TestNG.java:1114)
at org.testng.TestNG.run(TestNG.java:1082)
at org.testng.remote.AbstractRemoteTestNG.run(AbstractRemoteTestNG.java:115)
at org.testng.remote.RemoteTestNG.initAndRun(RemoteTestNG.java:251)
at org.testng.remote.RemoteTestNG.main(RemoteTestNG.java:77)
]]>
            </full-stacktrace>
          </exception> <!-- org.openqa.selenium.TimeoutException -->
          <reporter-output>
          </reporter-output>
        </test-method> <!-- testNavigationAfterEnteringEmiratesID -->
        <test-method is-config="true" signature="logTestResults(org.testng.ITestResult)[pri:0, instance:testcases.Sign_In_Existing_User_SMN_Test@44c03695]" started-at="2025-02-25T13:51:08 IST" name="logTestResults" finished-at="2025-02-25T13:51:08 IST" duration-ms="4" status="PASS">
          <params>
            <param index="0">
              <value>
                <![CDATA[[TestResult name=testNavigationAfterEnteringEmiratesID status=FAILURE method=Sign_In_Existing_User_SMN_Test.testNavigationAfterEnteringEmiratesID()[pri:6, instance:testcases.Sign_In_Existing_User_SMN_Test@44c03695] output={null}]]]>
              </value>
            </param>
          </params>
          <reporter-output>
          </reporter-output>
        </test-method> <!-- logTestResults -->
        <test-method is-config="true" signature="setUp()[pri:0, instance:testcases.Sign_In_Existing_User_SMN_Test@44c03695]" started-at="2025-02-25T13:51:08 IST" name="setUp" finished-at="2025-02-25T13:51:20 IST" duration-ms="11895" status="PASS">
          <reporter-output>
          </reporter-output>
        </test-method> <!-- setUp -->
        <test-method signature="testPhoneNumberVerificationDialogAppears()[pri:7, instance:testcases.Sign_In_Existing_User_SMN_Test@44c03695]" started-at="2025-02-25T13:51:20 IST" name="testPhoneNumberVerificationDialogAppears" finished-at="2025-02-25T13:51:20 IST" duration-ms="724" status="FAIL">
          <exception class="org.openqa.selenium.NoSuchElementException">
            <message>
              <![CDATA[An element could not be located on the page using the given search parameters.
For documentation on this error, please visit: https://www.selenium.dev/documentation/webdriver/troubleshooting/errors#no-such-element-exception
Build info: version: '4.13.0', revision: 'ba948ece5b*'
System info: os.name: 'Windows 11', os.arch: 'amd64', os.version: '10.0', java.version: '17.0.8'
Driver info: io.appium.java_client.android.AndroidDriver
Command: [d1b10df3-cd43-4234-b77c-8d8e9e029b43, findElement {using=id, value=com.gamechange.remittance:id/emiratesIdEt}]
Capabilities {appium:appActivity: .ui.activities.onboarding.S..., appium:appPackage: com.gamechange.remittance, appium:automationName: UiAutomator2, appium:databaseEnabled: false, appium:desired: {appActivity: .ui.activities.onboarding.S..., appPackage: com.gamechange.remittance, automationName: UiAutomator2, platformName: ANDROID, udid: 084113125P054404}, appium:deviceApiLevel: 30, appium:deviceManufacturer: INFINIX MOBILITY LIMITED, appium:deviceModel: Infinix X6816C, appium:deviceName: 084113125P054404, appium:deviceScreenDensity: 320, appium:deviceScreenSize: 720x1640, appium:deviceUDID: 084113125P054404, appium:javascriptEnabled: true, appium:locationContextEnabled: false, appium:networkConnectionEnabled: true, appium:pixelRatio: 2, appium:platformVersion: 11, appium:statBarHeight: 72, appium:takesScreenshot: true, appium:udid: 084113125P054404, appium:viewportRect: {height: 1400, left: 0, top: 72, width: 720}, appium:warnings: {}, appium:webStorageEnabled: false, platformName: ANDROID}
Session ID: d1b10df3-cd43-4234-b77c-8d8e9e029b43]]>
            </message>
            <full-stacktrace>
              <![CDATA[org.openqa.selenium.NoSuchElementException: An element could not be located on the page using the given search parameters.
For documentation on this error, please visit: https://www.selenium.dev/documentation/webdriver/troubleshooting/errors#no-such-element-exception
Build info: version: '4.13.0', revision: 'ba948ece5b*'
System info: os.name: 'Windows 11', os.arch: 'amd64', os.version: '10.0', java.version: '17.0.8'
Driver info: io.appium.java_client.android.AndroidDriver
Command: [d1b10df3-cd43-4234-b77c-8d8e9e029b43, findElement {using=id, value=com.gamechange.remittance:id/emiratesIdEt}]
Capabilities {appium:appActivity: .ui.activities.onboarding.S..., appium:appPackage: com.gamechange.remittance, appium:automationName: UiAutomator2, appium:databaseEnabled: false, appium:desired: {appActivity: .ui.activities.onboarding.S..., appPackage: com.gamechange.remittance, automationName: UiAutomator2, platformName: ANDROID, udid: 084113125P054404}, appium:deviceApiLevel: 30, appium:deviceManufacturer: INFINIX MOBILITY LIMITED, appium:deviceModel: Infinix X6816C, appium:deviceName: 084113125P054404, appium:deviceScreenDensity: 320, appium:deviceScreenSize: 720x1640, appium:deviceUDID: 084113125P054404, appium:javascriptEnabled: true, appium:locationContextEnabled: false, appium:networkConnectionEnabled: true, appium:pixelRatio: 2, appium:platformVersion: 11, appium:statBarHeight: 72, appium:takesScreenshot: true, appium:udid: 084113125P054404, appium:viewportRect: {height: 1400, left: 0, top: 72, width: 720}, appium:warnings: {}, appium:webStorageEnabled: false, platformName: ANDROID}
Session ID: d1b10df3-cd43-4234-b77c-8d8e9e029b43
at jdk.internal.reflect.GeneratedConstructorAccessor10.newInstance(Unknown Source)
at java.base/jdk.internal.reflect.DelegatingConstructorAccessorImpl.newInstance(DelegatingConstructorAccessorImpl.java:45)
at java.base/java.lang.reflect.Constructor.newInstanceWithCaller(Constructor.java:499)
at java.base/java.lang.reflect.Constructor.newInstance(Constructor.java:480)
at org.openqa.selenium.remote.codec.w3c.W3CHttpResponseCodec.createException(W3CHttpResponseCodec.java:200)
at org.openqa.selenium.remote.codec.w3c.W3CHttpResponseCodec.decode(W3CHttpResponseCodec.java:133)
at org.openqa.selenium.remote.codec.w3c.W3CHttpResponseCodec.decode(W3CHttpResponseCodec.java:52)
at org.openqa.selenium.remote.HttpCommandExecutor.execute(HttpCommandExecutor.java:191)
at io.appium.java_client.remote.AppiumCommandExecutor.execute(AppiumCommandExecutor.java:250)
at org.openqa.selenium.remote.RemoteWebDriver.execute(RemoteWebDriver.java:602)
at org.openqa.selenium.remote.ElementLocation$ElementFinder$2.findElement(ElementLocation.java:165)
at org.openqa.selenium.remote.ElementLocation.findElement(ElementLocation.java:59)
at org.openqa.selenium.remote.RemoteWebDriver.findElement(RemoteWebDriver.java:359)
at org.openqa.selenium.remote.RemoteWebDriver.findElement(RemoteWebDriver.java:353)
at pages.Sign_In_Existing_User_SMN_Page.enterEmiratesID(Sign_In_Existing_User_SMN_Page.java:63)
at testcases.Sign_In_Existing_User_SMN_Test.testPhoneNumberVerificationDialogAppears(Sign_In_Existing_User_SMN_Test.java:116)
at java.base/jdk.internal.reflect.NativeMethodAccessorImpl.invoke0(Native Method)
at java.base/jdk.internal.reflect.NativeMethodAccessorImpl.invoke(NativeMethodAccessorImpl.java:77)
at java.base/jdk.internal.reflect.DelegatingMethodAccessorImpl.invoke(DelegatingMethodAccessorImpl.java:43)
at java.base/java.lang.reflect.Method.invoke(Method.java:568)
at org.testng.internal.invokers.MethodInvocationHelper.invokeMethod(MethodInvocationHelper.java:139)
at org.testng.internal.invokers.TestInvoker.invokeMethod(TestInvoker.java:664)
at org.testng.internal.invokers.TestInvoker.invokeTestMethod(TestInvoker.java:227)
at org.testng.internal.invokers.MethodRunner.runInSequence(MethodRunner.java:50)
at org.testng.internal.invokers.TestInvoker$MethodInvocationAgent.invoke(TestInvoker.java:957)
at org.testng.internal.invokers.TestInvoker.invokeTestMethods(TestInvoker.java:200)
at org.testng.internal.invokers.TestMethodWorker.invokeTestMethods(TestMethodWorker.java:148)
at org.testng.internal.invokers.TestMethodWorker.run(TestMethodWorker.java:128)
at java.base/java.util.ArrayList.forEach(ArrayList.java:1511)
at org.testng.TestRunner.privateRun(TestRunner.java:848)
at org.testng.TestRunner.run(TestRunner.java:621)
at org.testng.SuiteRunner.runTest(SuiteRunner.java:443)
at org.testng.SuiteRunner.runSequentially(SuiteRunner.java:437)
at org.testng.SuiteRunner.privateRun(SuiteRunner.java:397)
at org.testng.SuiteRunner.run(SuiteRunner.java:336)
at org.testng.SuiteRunnerWorker.runSuite(SuiteRunnerWorker.java:52)
at org.testng.SuiteRunnerWorker.run(SuiteRunnerWorker.java:95)
at org.testng.TestNG.runSuitesSequentially(TestNG.java:1280)
at org.testng.TestNG.runSuitesLocally(TestNG.java:1200)
at org.testng.TestNG.runSuites(TestNG.java:1114)
at org.testng.TestNG.run(TestNG.java:1082)
at org.testng.remote.AbstractRemoteTestNG.run(AbstractRemoteTestNG.java:115)
at org.testng.remote.RemoteTestNG.initAndRun(RemoteTestNG.java:251)
at org.testng.remote.RemoteTestNG.main(RemoteTestNG.java:77)
]]>
            </full-stacktrace>
          </exception> <!-- org.openqa.selenium.NoSuchElementException -->
          <reporter-output>
          </reporter-output>
        </test-method> <!-- testPhoneNumberVerificationDialogAppears -->
        <test-method is-config="true" signature="logTestResults(org.testng.ITestResult)[pri:0, instance:testcases.Sign_In_Existing_User_SMN_Test@44c03695]" started-at="2025-02-25T13:51:20 IST" name="logTestResults" finished-at="2025-02-25T13:51:20 IST" duration-ms="4" status="PASS">
          <params>
            <param index="0">
              <value>
                <![CDATA[[TestResult name=testPhoneNumberVerificationDialogAppears status=FAILURE method=Sign_In_Existing_User_SMN_Test.testPhoneNumberVerificationDialogAppears()[pri:7, instance:testcases.Sign_In_Existing_User_SMN_Test@44c03695] output={null}]]]>
              </value>
            </param>
          </params>
          <reporter-output>
          </reporter-output>
        </test-method> <!-- logTestResults -->
        <test-method is-config="true" signature="setUp()[pri:0, instance:testcases.Sign_In_Existing_User_SMN_Test@44c03695]" started-at="2025-02-25T13:51:20 IST" name="setUp" finished-at="2025-02-25T13:51:33 IST" duration-ms="12593" status="PASS">
          <reporter-output>
          </reporter-output>
        </test-method> <!-- setUp -->
        <test-method signature="testPhoneNumberVerificationDialogUI()[pri:8, instance:testcases.Sign_In_Existing_User_SMN_Test@44c03695]" started-at="2025-02-25T13:51:33 IST" name="testPhoneNumberVerificationDialogUI" finished-at="2025-02-25T13:51:34 IST" duration-ms="740" status="FAIL">
          <exception class="org.openqa.selenium.NoSuchElementException">
            <message>
              <![CDATA[An element could not be located on the page using the given search parameters.
For documentation on this error, please visit: https://www.selenium.dev/documentation/webdriver/troubleshooting/errors#no-such-element-exception
Build info: version: '4.13.0', revision: 'ba948ece5b*'
System info: os.name: 'Windows 11', os.arch: 'amd64', os.version: '10.0', java.version: '17.0.8'
Driver info: io.appium.java_client.android.AndroidDriver
Command: [2ff6c049-0639-442e-82cd-8c8c403c4d49, findElement {using=id, value=com.gamechange.remittance:id/emiratesIdEt}]
Capabilities {appium:appActivity: .ui.activities.onboarding.S..., appium:appPackage: com.gamechange.remittance, appium:automationName: UiAutomator2, appium:databaseEnabled: false, appium:desired: {appActivity: .ui.activities.onboarding.S..., appPackage: com.gamechange.remittance, automationName: UiAutomator2, platformName: ANDROID, udid: 084113125P054404}, appium:deviceApiLevel: 30, appium:deviceManufacturer: INFINIX MOBILITY LIMITED, appium:deviceModel: Infinix X6816C, appium:deviceName: 084113125P054404, appium:deviceScreenDensity: 320, appium:deviceScreenSize: 720x1640, appium:deviceUDID: 084113125P054404, appium:javascriptEnabled: true, appium:locationContextEnabled: false, appium:networkConnectionEnabled: true, appium:pixelRatio: 2, appium:platformVersion: 11, appium:statBarHeight: 72, appium:takesScreenshot: true, appium:udid: 084113125P054404, appium:viewportRect: {height: 1400, left: 0, top: 72, width: 720}, appium:warnings: {}, appium:webStorageEnabled: false, platformName: ANDROID}
Session ID: 2ff6c049-0639-442e-82cd-8c8c403c4d49]]>
            </message>
            <full-stacktrace>
              <![CDATA[org.openqa.selenium.NoSuchElementException: An element could not be located on the page using the given search parameters.
For documentation on this error, please visit: https://www.selenium.dev/documentation/webdriver/troubleshooting/errors#no-such-element-exception
Build info: version: '4.13.0', revision: 'ba948ece5b*'
System info: os.name: 'Windows 11', os.arch: 'amd64', os.version: '10.0', java.version: '17.0.8'
Driver info: io.appium.java_client.android.AndroidDriver
Command: [2ff6c049-0639-442e-82cd-8c8c403c4d49, findElement {using=id, value=com.gamechange.remittance:id/emiratesIdEt}]
Capabilities {appium:appActivity: .ui.activities.onboarding.S..., appium:appPackage: com.gamechange.remittance, appium:automationName: UiAutomator2, appium:databaseEnabled: false, appium:desired: {appActivity: .ui.activities.onboarding.S..., appPackage: com.gamechange.remittance, automationName: UiAutomator2, platformName: ANDROID, udid: 084113125P054404}, appium:deviceApiLevel: 30, appium:deviceManufacturer: INFINIX MOBILITY LIMITED, appium:deviceModel: Infinix X6816C, appium:deviceName: 084113125P054404, appium:deviceScreenDensity: 320, appium:deviceScreenSize: 720x1640, appium:deviceUDID: 084113125P054404, appium:javascriptEnabled: true, appium:locationContextEnabled: false, appium:networkConnectionEnabled: true, appium:pixelRatio: 2, appium:platformVersion: 11, appium:statBarHeight: 72, appium:takesScreenshot: true, appium:udid: 084113125P054404, appium:viewportRect: {height: 1400, left: 0, top: 72, width: 720}, appium:warnings: {}, appium:webStorageEnabled: false, platformName: ANDROID}
Session ID: 2ff6c049-0639-442e-82cd-8c8c403c4d49
at jdk.internal.reflect.GeneratedConstructorAccessor10.newInstance(Unknown Source)
at java.base/jdk.internal.reflect.DelegatingConstructorAccessorImpl.newInstance(DelegatingConstructorAccessorImpl.java:45)
at java.base/java.lang.reflect.Constructor.newInstanceWithCaller(Constructor.java:499)
at java.base/java.lang.reflect.Constructor.newInstance(Constructor.java:480)
at org.openqa.selenium.remote.codec.w3c.W3CHttpResponseCodec.createException(W3CHttpResponseCodec.java:200)
at org.openqa.selenium.remote.codec.w3c.W3CHttpResponseCodec.decode(W3CHttpResponseCodec.java:133)
at org.openqa.selenium.remote.codec.w3c.W3CHttpResponseCodec.decode(W3CHttpResponseCodec.java:52)
at org.openqa.selenium.remote.HttpCommandExecutor.execute(HttpCommandExecutor.java:191)
at io.appium.java_client.remote.AppiumCommandExecutor.execute(AppiumCommandExecutor.java:250)
at org.openqa.selenium.remote.RemoteWebDriver.execute(RemoteWebDriver.java:602)
at org.openqa.selenium.remote.ElementLocation$ElementFinder$2.findElement(ElementLocation.java:165)
at org.openqa.selenium.remote.ElementLocation.findElement(ElementLocation.java:59)
at org.openqa.selenium.remote.RemoteWebDriver.findElement(RemoteWebDriver.java:359)
at org.openqa.selenium.remote.RemoteWebDriver.findElement(RemoteWebDriver.java:353)
at pages.Sign_In_Existing_User_SMN_Page.enterEmiratesID(Sign_In_Existing_User_SMN_Page.java:63)
at testcases.Sign_In_Existing_User_SMN_Test.testPhoneNumberVerificationDialogUI(Sign_In_Existing_User_SMN_Test.java:128)
at java.base/jdk.internal.reflect.NativeMethodAccessorImpl.invoke0(Native Method)
at java.base/jdk.internal.reflect.NativeMethodAccessorImpl.invoke(NativeMethodAccessorImpl.java:77)
at java.base/jdk.internal.reflect.DelegatingMethodAccessorImpl.invoke(DelegatingMethodAccessorImpl.java:43)
at java.base/java.lang.reflect.Method.invoke(Method.java:568)
at org.testng.internal.invokers.MethodInvocationHelper.invokeMethod(MethodInvocationHelper.java:139)
at org.testng.internal.invokers.TestInvoker.invokeMethod(TestInvoker.java:664)
at org.testng.internal.invokers.TestInvoker.invokeTestMethod(TestInvoker.java:227)
at org.testng.internal.invokers.MethodRunner.runInSequence(MethodRunner.java:50)
at org.testng.internal.invokers.TestInvoker$MethodInvocationAgent.invoke(TestInvoker.java:957)
at org.testng.internal.invokers.TestInvoker.invokeTestMethods(TestInvoker.java:200)
at org.testng.internal.invokers.TestMethodWorker.invokeTestMethods(TestMethodWorker.java:148)
at org.testng.internal.invokers.TestMethodWorker.run(TestMethodWorker.java:128)
at java.base/java.util.ArrayList.forEach(ArrayList.java:1511)
at org.testng.TestRunner.privateRun(TestRunner.java:848)
at org.testng.TestRunner.run(TestRunner.java:621)
at org.testng.SuiteRunner.runTest(SuiteRunner.java:443)
at org.testng.SuiteRunner.runSequentially(SuiteRunner.java:437)
at org.testng.SuiteRunner.privateRun(SuiteRunner.java:397)
at org.testng.SuiteRunner.run(SuiteRunner.java:336)
at org.testng.SuiteRunnerWorker.runSuite(SuiteRunnerWorker.java:52)
at org.testng.SuiteRunnerWorker.run(SuiteRunnerWorker.java:95)
at org.testng.TestNG.runSuitesSequentially(TestNG.java:1280)
at org.testng.TestNG.runSuitesLocally(TestNG.java:1200)
at org.testng.TestNG.runSuites(TestNG.java:1114)
at org.testng.TestNG.run(TestNG.java:1082)
at org.testng.remote.AbstractRemoteTestNG.run(AbstractRemoteTestNG.java:115)
at org.testng.remote.RemoteTestNG.initAndRun(RemoteTestNG.java:251)
at org.testng.remote.RemoteTestNG.main(RemoteTestNG.java:77)
]]>
            </full-stacktrace>
          </exception> <!-- org.openqa.selenium.NoSuchElementException -->
          <reporter-output>
          </reporter-output>
        </test-method> <!-- testPhoneNumberVerificationDialogUI -->
        <test-method is-config="true" signature="logTestResults(org.testng.ITestResult)[pri:0, instance:testcases.Sign_In_Existing_User_SMN_Test@44c03695]" started-at="2025-02-25T13:51:34 IST" name="logTestResults" finished-at="2025-02-25T13:51:34 IST" duration-ms="3" status="PASS">
          <params>
            <param index="0">
              <value>
                <![CDATA[[TestResult name=testPhoneNumberVerificationDialogUI status=FAILURE method=Sign_In_Existing_User_SMN_Test.testPhoneNumberVerificationDialogUI()[pri:8, instance:testcases.Sign_In_Existing_User_SMN_Test@44c03695] output={null}]]]>
              </value>
            </param>
          </params>
          <reporter-output>
          </reporter-output>
        </test-method> <!-- logTestResults -->
        <test-method is-config="true" signature="setUp()[pri:0, instance:testcases.Sign_In_Existing_User_SMN_Test@44c03695]" started-at="2025-02-25T13:51:34 IST" name="setUp" finished-at="2025-02-25T13:51:55 IST" duration-ms="21228" status="FAIL">
          <exception class="org.openqa.selenium.TimeoutException">
            <message>
              <![CDATA[Expected condition failed: waiting for element to be clickable: AppiumBy.id: com.gamechange.remittance:id/englishLanguageTitleTv (tried for 10 second(s) with 500 milliseconds interval)
Build info: version: '4.13.0', revision: 'ba948ece5b*'
System info: os.name: 'Windows 11', os.arch: 'amd64', os.version: '10.0', java.version: '17.0.8'
Driver info: io.appium.java_client.android.AndroidDriver
Capabilities {appium:appActivity: .ui.activities.onboarding.S..., appium:appPackage: com.gamechange.remittance, appium:automationName: UiAutomator2, appium:databaseEnabled: false, appium:desired: {appActivity: .ui.activities.onboarding.S..., appPackage: com.gamechange.remittance, automationName: UiAutomator2, platformName: ANDROID, udid: 084113125P054404}, appium:deviceApiLevel: 30, appium:deviceManufacturer: INFINIX MOBILITY LIMITED, appium:deviceModel: Infinix X6816C, appium:deviceName: 084113125P054404, appium:deviceScreenDensity: 320, appium:deviceScreenSize: 720x1640, appium:deviceUDID: 084113125P054404, appium:javascriptEnabled: true, appium:locationContextEnabled: false, appium:networkConnectionEnabled: true, appium:pixelRatio: 2, appium:platformVersion: 11, appium:statBarHeight: 72, appium:takesScreenshot: true, appium:udid: 084113125P054404, appium:viewportRect: {height: 1400, left: 0, top: 72, width: 720}, appium:warnings: {}, appium:webStorageEnabled: false, platformName: ANDROID}
Session ID: 15848084-bf87-40d8-8575-1aa07f73b6f2]]>
            </message>
            <full-stacktrace>
              <![CDATA[org.openqa.selenium.TimeoutException: Expected condition failed: waiting for element to be clickable: AppiumBy.id: com.gamechange.remittance:id/englishLanguageTitleTv (tried for 10 second(s) with 500 milliseconds interval)
Build info: version: '4.13.0', revision: 'ba948ece5b*'
System info: os.name: 'Windows 11', os.arch: 'amd64', os.version: '10.0', java.version: '17.0.8'
Driver info: io.appium.java_client.android.AndroidDriver
Capabilities {appium:appActivity: .ui.activities.onboarding.S..., appium:appPackage: com.gamechange.remittance, appium:automationName: UiAutomator2, appium:databaseEnabled: false, appium:desired: {appActivity: .ui.activities.onboarding.S..., appPackage: com.gamechange.remittance, automationName: UiAutomator2, platformName: ANDROID, udid: 084113125P054404}, appium:deviceApiLevel: 30, appium:deviceManufacturer: INFINIX MOBILITY LIMITED, appium:deviceModel: Infinix X6816C, appium:deviceName: 084113125P054404, appium:deviceScreenDensity: 320, appium:deviceScreenSize: 720x1640, appium:deviceUDID: 084113125P054404, appium:javascriptEnabled: true, appium:locationContextEnabled: false, appium:networkConnectionEnabled: true, appium:pixelRatio: 2, appium:platformVersion: 11, appium:statBarHeight: 72, appium:takesScreenshot: true, appium:udid: 084113125P054404, appium:viewportRect: {height: 1400, left: 0, top: 72, width: 720}, appium:warnings: {}, appium:webStorageEnabled: false, platformName: ANDROID}
Session ID: 15848084-bf87-40d8-8575-1aa07f73b6f2
at org.openqa.selenium.support.ui.WebDriverWait.timeoutException(WebDriverWait.java:84)
at org.openqa.selenium.support.ui.FluentWait.until(FluentWait.java:230)
at pages.LanguageSelectionPage.selectEnglish(LanguageSelectionPage.java:76)
at testcases.Sign_In_Existing_User_SMN_Test.setUp(Sign_In_Existing_User_SMN_Test.java:52)
at java.base/jdk.internal.reflect.NativeMethodAccessorImpl.invoke0(Native Method)
at java.base/jdk.internal.reflect.NativeMethodAccessorImpl.invoke(NativeMethodAccessorImpl.java:77)
at java.base/jdk.internal.reflect.DelegatingMethodAccessorImpl.invoke(DelegatingMethodAccessorImpl.java:43)
at java.base/java.lang.reflect.Method.invoke(Method.java:568)
at org.testng.internal.invokers.MethodInvocationHelper.invokeMethod(MethodInvocationHelper.java:139)
at org.testng.internal.invokers.MethodInvocationHelper.invokeMethodConsideringTimeout(MethodInvocationHelper.java:69)
at org.testng.internal.invokers.ConfigInvoker.invokeConfigurationMethod(ConfigInvoker.java:390)
at org.testng.internal.invokers.ConfigInvoker.invokeConfigurations(ConfigInvoker.java:325)
at org.testng.internal.invokers.TestInvoker.runConfigMethods(TestInvoker.java:810)
at org.testng.internal.invokers.TestInvoker.invokeMethod(TestInvoker.java:577)
at org.testng.internal.invokers.TestInvoker.invokeTestMethod(TestInvoker.java:227)
at org.testng.internal.invokers.MethodRunner.runInSequence(MethodRunner.java:50)
at org.testng.internal.invokers.TestInvoker$MethodInvocationAgent.invoke(TestInvoker.java:957)
at org.testng.internal.invokers.TestInvoker.invokeTestMethods(TestInvoker.java:200)
at org.testng.internal.invokers.TestMethodWorker.invokeTestMethods(TestMethodWorker.java:148)
at org.testng.internal.invokers.TestMethodWorker.run(TestMethodWorker.java:128)
at java.base/java.util.ArrayList.forEach(ArrayList.java:1511)
at org.testng.TestRunner.privateRun(TestRunner.java:848)
at org.testng.TestRunner.run(TestRunner.java:621)
at org.testng.SuiteRunner.runTest(SuiteRunner.java:443)
at org.testng.SuiteRunner.runSequentially(SuiteRunner.java:437)
at org.testng.SuiteRunner.privateRun(SuiteRunner.java:397)
at org.testng.SuiteRunner.run(SuiteRunner.java:336)
at org.testng.SuiteRunnerWorker.runSuite(SuiteRunnerWorker.java:52)
at org.testng.SuiteRunnerWorker.run(SuiteRunnerWorker.java:95)
at org.testng.TestNG.runSuitesSequentially(TestNG.java:1280)
at org.testng.TestNG.runSuitesLocally(TestNG.java:1200)
at org.testng.TestNG.runSuites(TestNG.java:1114)
at org.testng.TestNG.run(TestNG.java:1082)
at org.testng.remote.AbstractRemoteTestNG.run(AbstractRemoteTestNG.java:115)
at org.testng.remote.RemoteTestNG.initAndRun(RemoteTestNG.java:251)
at org.testng.remote.RemoteTestNG.main(RemoteTestNG.java:77)
]]>
            </full-stacktrace>
          </exception> <!-- org.openqa.selenium.TimeoutException -->
          <reporter-output>
          </reporter-output>
        </test-method> <!-- setUp -->
        <test-method signature="testCancelButtonClosesDialog()[pri:9, instance:testcases.Sign_In_Existing_User_SMN_Test@44c03695]" started-at="2025-02-25T13:51:55 IST" name="testCancelButtonClosesDialog" finished-at="2025-02-25T13:51:55 IST" duration-ms="0" status="SKIP">
          <exception class="org.openqa.selenium.TimeoutException">
            <message>
              <![CDATA[Expected condition failed: waiting for element to be clickable: AppiumBy.id: com.gamechange.remittance:id/englishLanguageTitleTv (tried for 10 second(s) with 500 milliseconds interval)
Build info: version: '4.13.0', revision: 'ba948ece5b*'
System info: os.name: 'Windows 11', os.arch: 'amd64', os.version: '10.0', java.version: '17.0.8'
Driver info: io.appium.java_client.android.AndroidDriver
Capabilities {appium:appActivity: .ui.activities.onboarding.S..., appium:appPackage: com.gamechange.remittance, appium:automationName: UiAutomator2, appium:databaseEnabled: false, appium:desired: {appActivity: .ui.activities.onboarding.S..., appPackage: com.gamechange.remittance, automationName: UiAutomator2, platformName: ANDROID, udid: 084113125P054404}, appium:deviceApiLevel: 30, appium:deviceManufacturer: INFINIX MOBILITY LIMITED, appium:deviceModel: Infinix X6816C, appium:deviceName: 084113125P054404, appium:deviceScreenDensity: 320, appium:deviceScreenSize: 720x1640, appium:deviceUDID: 084113125P054404, appium:javascriptEnabled: true, appium:locationContextEnabled: false, appium:networkConnectionEnabled: true, appium:pixelRatio: 2, appium:platformVersion: 11, appium:statBarHeight: 72, appium:takesScreenshot: true, appium:udid: 084113125P054404, appium:viewportRect: {height: 1400, left: 0, top: 72, width: 720}, appium:warnings: {}, appium:webStorageEnabled: false, platformName: ANDROID}
Session ID: 15848084-bf87-40d8-8575-1aa07f73b6f2]]>
            </message>
            <full-stacktrace>
              <![CDATA[org.openqa.selenium.TimeoutException: Expected condition failed: waiting for element to be clickable: AppiumBy.id: com.gamechange.remittance:id/englishLanguageTitleTv (tried for 10 second(s) with 500 milliseconds interval)
Build info: version: '4.13.0', revision: 'ba948ece5b*'
System info: os.name: 'Windows 11', os.arch: 'amd64', os.version: '10.0', java.version: '17.0.8'
Driver info: io.appium.java_client.android.AndroidDriver
Capabilities {appium:appActivity: .ui.activities.onboarding.S..., appium:appPackage: com.gamechange.remittance, appium:automationName: UiAutomator2, appium:databaseEnabled: false, appium:desired: {appActivity: .ui.activities.onboarding.S..., appPackage: com.gamechange.remittance, automationName: UiAutomator2, platformName: ANDROID, udid: 084113125P054404}, appium:deviceApiLevel: 30, appium:deviceManufacturer: INFINIX MOBILITY LIMITED, appium:deviceModel: Infinix X6816C, appium:deviceName: 084113125P054404, appium:deviceScreenDensity: 320, appium:deviceScreenSize: 720x1640, appium:deviceUDID: 084113125P054404, appium:javascriptEnabled: true, appium:locationContextEnabled: false, appium:networkConnectionEnabled: true, appium:pixelRatio: 2, appium:platformVersion: 11, appium:statBarHeight: 72, appium:takesScreenshot: true, appium:udid: 084113125P054404, appium:viewportRect: {height: 1400, left: 0, top: 72, width: 720}, appium:warnings: {}, appium:webStorageEnabled: false, platformName: ANDROID}
Session ID: 15848084-bf87-40d8-8575-1aa07f73b6f2
at org.openqa.selenium.support.ui.WebDriverWait.timeoutException(WebDriverWait.java:84)
at org.openqa.selenium.support.ui.FluentWait.until(FluentWait.java:230)
at pages.LanguageSelectionPage.selectEnglish(LanguageSelectionPage.java:76)
at testcases.Sign_In_Existing_User_SMN_Test.setUp(Sign_In_Existing_User_SMN_Test.java:52)
at java.base/jdk.internal.reflect.NativeMethodAccessorImpl.invoke0(Native Method)
at java.base/jdk.internal.reflect.NativeMethodAccessorImpl.invoke(NativeMethodAccessorImpl.java:77)
at java.base/jdk.internal.reflect.DelegatingMethodAccessorImpl.invoke(DelegatingMethodAccessorImpl.java:43)
at java.base/java.lang.reflect.Method.invoke(Method.java:568)
at org.testng.internal.invokers.MethodInvocationHelper.invokeMethod(MethodInvocationHelper.java:139)
at org.testng.internal.invokers.MethodInvocationHelper.invokeMethodConsideringTimeout(MethodInvocationHelper.java:69)
at org.testng.internal.invokers.ConfigInvoker.invokeConfigurationMethod(ConfigInvoker.java:390)
at org.testng.internal.invokers.ConfigInvoker.invokeConfigurations(ConfigInvoker.java:325)
at org.testng.internal.invokers.TestInvoker.runConfigMethods(TestInvoker.java:810)
at org.testng.internal.invokers.TestInvoker.invokeMethod(TestInvoker.java:577)
at org.testng.internal.invokers.TestInvoker.invokeTestMethod(TestInvoker.java:227)
at org.testng.internal.invokers.MethodRunner.runInSequence(MethodRunner.java:50)
at org.testng.internal.invokers.TestInvoker$MethodInvocationAgent.invoke(TestInvoker.java:957)
at org.testng.internal.invokers.TestInvoker.invokeTestMethods(TestInvoker.java:200)
at org.testng.internal.invokers.TestMethodWorker.invokeTestMethods(TestMethodWorker.java:148)
at org.testng.internal.invokers.TestMethodWorker.run(TestMethodWorker.java:128)
at java.base/java.util.ArrayList.forEach(ArrayList.java:1511)
at org.testng.TestRunner.privateRun(TestRunner.java:848)
at org.testng.TestRunner.run(TestRunner.java:621)
at org.testng.SuiteRunner.runTest(SuiteRunner.java:443)
at org.testng.SuiteRunner.runSequentially(SuiteRunner.java:437)
at org.testng.SuiteRunner.privateRun(SuiteRunner.java:397)
at org.testng.SuiteRunner.run(SuiteRunner.java:336)
at org.testng.SuiteRunnerWorker.runSuite(SuiteRunnerWorker.java:52)
at org.testng.SuiteRunnerWorker.run(SuiteRunnerWorker.java:95)
at org.testng.TestNG.runSuitesSequentially(TestNG.java:1280)
at org.testng.TestNG.runSuitesLocally(TestNG.java:1200)
at org.testng.TestNG.runSuites(TestNG.java:1114)
at org.testng.TestNG.run(TestNG.java:1082)
at org.testng.remote.AbstractRemoteTestNG.run(AbstractRemoteTestNG.java:115)
at org.testng.remote.RemoteTestNG.initAndRun(RemoteTestNG.java:251)
at org.testng.remote.RemoteTestNG.main(RemoteTestNG.java:77)
]]>
            </full-stacktrace>
          </exception> <!-- org.openqa.selenium.TimeoutException -->
          <reporter-output>
          </reporter-output>
        </test-method> <!-- testCancelButtonClosesDialog -->
        <test-method is-config="true" signature="logTestResults(org.testng.ITestResult)[pri:0, instance:testcases.Sign_In_Existing_User_SMN_Test@44c03695]" started-at="2025-02-25T13:51:55 IST" name="logTestResults" finished-at="2025-02-25T13:51:55 IST" duration-ms="0" status="SKIP">
          <reporter-output>
          </reporter-output>
        </test-method> <!-- logTestResults -->
        <test-method is-config="true" signature="setUp()[pri:0, instance:testcases.Sign_In_Existing_User_SMN_Test@44c03695]" started-at="2025-02-25T13:51:55 IST" name="setUp" finished-at="2025-02-25T13:51:55 IST" duration-ms="0" status="SKIP">
          <reporter-output>
          </reporter-output>
        </test-method> <!-- setUp -->
        <test-method signature="testContinueButtonNavigatesToOtpScreen()[pri:10, instance:testcases.Sign_In_Existing_User_SMN_Test@44c03695]" started-at="2025-02-25T13:51:55 IST" name="testContinueButtonNavigatesToOtpScreen" finished-at="2025-02-25T13:51:55 IST" duration-ms="0" status="SKIP">
          <exception class="org.openqa.selenium.TimeoutException">
            <message>
              <![CDATA[Expected condition failed: waiting for element to be clickable: AppiumBy.id: com.gamechange.remittance:id/englishLanguageTitleTv (tried for 10 second(s) with 500 milliseconds interval)
Build info: version: '4.13.0', revision: 'ba948ece5b*'
System info: os.name: 'Windows 11', os.arch: 'amd64', os.version: '10.0', java.version: '17.0.8'
Driver info: io.appium.java_client.android.AndroidDriver
Capabilities {appium:appActivity: .ui.activities.onboarding.S..., appium:appPackage: com.gamechange.remittance, appium:automationName: UiAutomator2, appium:databaseEnabled: false, appium:desired: {appActivity: .ui.activities.onboarding.S..., appPackage: com.gamechange.remittance, automationName: UiAutomator2, platformName: ANDROID, udid: 084113125P054404}, appium:deviceApiLevel: 30, appium:deviceManufacturer: INFINIX MOBILITY LIMITED, appium:deviceModel: Infinix X6816C, appium:deviceName: 084113125P054404, appium:deviceScreenDensity: 320, appium:deviceScreenSize: 720x1640, appium:deviceUDID: 084113125P054404, appium:javascriptEnabled: true, appium:locationContextEnabled: false, appium:networkConnectionEnabled: true, appium:pixelRatio: 2, appium:platformVersion: 11, appium:statBarHeight: 72, appium:takesScreenshot: true, appium:udid: 084113125P054404, appium:viewportRect: {height: 1400, left: 0, top: 72, width: 720}, appium:warnings: {}, appium:webStorageEnabled: false, platformName: ANDROID}
Session ID: 15848084-bf87-40d8-8575-1aa07f73b6f2]]>
            </message>
            <full-stacktrace>
              <![CDATA[org.openqa.selenium.TimeoutException: Expected condition failed: waiting for element to be clickable: AppiumBy.id: com.gamechange.remittance:id/englishLanguageTitleTv (tried for 10 second(s) with 500 milliseconds interval)
Build info: version: '4.13.0', revision: 'ba948ece5b*'
System info: os.name: 'Windows 11', os.arch: 'amd64', os.version: '10.0', java.version: '17.0.8'
Driver info: io.appium.java_client.android.AndroidDriver
Capabilities {appium:appActivity: .ui.activities.onboarding.S..., appium:appPackage: com.gamechange.remittance, appium:automationName: UiAutomator2, appium:databaseEnabled: false, appium:desired: {appActivity: .ui.activities.onboarding.S..., appPackage: com.gamechange.remittance, automationName: UiAutomator2, platformName: ANDROID, udid: 084113125P054404}, appium:deviceApiLevel: 30, appium:deviceManufacturer: INFINIX MOBILITY LIMITED, appium:deviceModel: Infinix X6816C, appium:deviceName: 084113125P054404, appium:deviceScreenDensity: 320, appium:deviceScreenSize: 720x1640, appium:deviceUDID: 084113125P054404, appium:javascriptEnabled: true, appium:locationContextEnabled: false, appium:networkConnectionEnabled: true, appium:pixelRatio: 2, appium:platformVersion: 11, appium:statBarHeight: 72, appium:takesScreenshot: true, appium:udid: 084113125P054404, appium:viewportRect: {height: 1400, left: 0, top: 72, width: 720}, appium:warnings: {}, appium:webStorageEnabled: false, platformName: ANDROID}
Session ID: 15848084-bf87-40d8-8575-1aa07f73b6f2
at org.openqa.selenium.support.ui.WebDriverWait.timeoutException(WebDriverWait.java:84)
at org.openqa.selenium.support.ui.FluentWait.until(FluentWait.java:230)
at pages.LanguageSelectionPage.selectEnglish(LanguageSelectionPage.java:76)
at testcases.Sign_In_Existing_User_SMN_Test.setUp(Sign_In_Existing_User_SMN_Test.java:52)
at java.base/jdk.internal.reflect.NativeMethodAccessorImpl.invoke0(Native Method)
at java.base/jdk.internal.reflect.NativeMethodAccessorImpl.invoke(NativeMethodAccessorImpl.java:77)
at java.base/jdk.internal.reflect.DelegatingMethodAccessorImpl.invoke(DelegatingMethodAccessorImpl.java:43)
at java.base/java.lang.reflect.Method.invoke(Method.java:568)
at org.testng.internal.invokers.MethodInvocationHelper.invokeMethod(MethodInvocationHelper.java:139)
at org.testng.internal.invokers.MethodInvocationHelper.invokeMethodConsideringTimeout(MethodInvocationHelper.java:69)
at org.testng.internal.invokers.ConfigInvoker.invokeConfigurationMethod(ConfigInvoker.java:390)
at org.testng.internal.invokers.ConfigInvoker.invokeConfigurations(ConfigInvoker.java:325)
at org.testng.internal.invokers.TestInvoker.runConfigMethods(TestInvoker.java:810)
at org.testng.internal.invokers.TestInvoker.invokeMethod(TestInvoker.java:577)
at org.testng.internal.invokers.TestInvoker.invokeTestMethod(TestInvoker.java:227)
at org.testng.internal.invokers.MethodRunner.runInSequence(MethodRunner.java:50)
at org.testng.internal.invokers.TestInvoker$MethodInvocationAgent.invoke(TestInvoker.java:957)
at org.testng.internal.invokers.TestInvoker.invokeTestMethods(TestInvoker.java:200)
at org.testng.internal.invokers.TestMethodWorker.invokeTestMethods(TestMethodWorker.java:148)
at org.testng.internal.invokers.TestMethodWorker.run(TestMethodWorker.java:128)
at java.base/java.util.ArrayList.forEach(ArrayList.java:1511)
at org.testng.TestRunner.privateRun(TestRunner.java:848)
at org.testng.TestRunner.run(TestRunner.java:621)
at org.testng.SuiteRunner.runTest(SuiteRunner.java:443)
at org.testng.SuiteRunner.runSequentially(SuiteRunner.java:437)
at org.testng.SuiteRunner.privateRun(SuiteRunner.java:397)
at org.testng.SuiteRunner.run(SuiteRunner.java:336)
at org.testng.SuiteRunnerWorker.runSuite(SuiteRunnerWorker.java:52)
at org.testng.SuiteRunnerWorker.run(SuiteRunnerWorker.java:95)
at org.testng.TestNG.runSuitesSequentially(TestNG.java:1280)
at org.testng.TestNG.runSuitesLocally(TestNG.java:1200)
at org.testng.TestNG.runSuites(TestNG.java:1114)
at org.testng.TestNG.run(TestNG.java:1082)
at org.testng.remote.AbstractRemoteTestNG.run(AbstractRemoteTestNG.java:115)
at org.testng.remote.RemoteTestNG.initAndRun(RemoteTestNG.java:251)
at org.testng.remote.RemoteTestNG.main(RemoteTestNG.java:77)
]]>
            </full-stacktrace>
          </exception> <!-- org.openqa.selenium.TimeoutException -->
          <reporter-output>
          </reporter-output>
        </test-method> <!-- testContinueButtonNavigatesToOtpScreen -->
        <test-method is-config="true" signature="logTestResults(org.testng.ITestResult)[pri:0, instance:testcases.Sign_In_Existing_User_SMN_Test@44c03695]" started-at="2025-02-25T13:51:55 IST" name="logTestResults" finished-at="2025-02-25T13:51:55 IST" duration-ms="0" status="SKIP">
          <reporter-output>
          </reporter-output>
        </test-method> <!-- logTestResults -->
        <test-method is-config="true" signature="tearDown()[pri:0, instance:testcases.Sign_In_Existing_User_SMN_Test@44c03695]" started-at="2025-02-25T13:51:55 IST" name="tearDown" finished-at="2025-02-25T13:51:55 IST" duration-ms="0" status="SKIP">
          <reporter-output>
          </reporter-output>
        </test-method> <!-- tearDown -->
      </class> <!-- testcases.Sign_In_Existing_User_SMN_Test -->
    </test> <!-- Default test -->
  </suite> <!-- Default suite -->
</testng-results>
